#! /usr/local/iverilog/bin/vvp
:ivl_version "11.0 (devel)" "(s20150603-642-g3bdb50da)";
:ivl_delay_selection "TYPICAL";
:vpi_time_precision - 11;
:vpi_module "system";
:vpi_module "vhdl_sys";
:vpi_module "vhdl_textio";
:vpi_module "v2005_math";
:vpi_module "va_math";
S_0000000000959c80 .scope module, "tb_OddParityChecker" "tb_OddParityChecker" 2 3;
 .timescale -9 -11;
v00000000008b7d60_0 .var "data_in", 8 0;
v00000000008b7ea0_0 .net "error_out", 0 0, v00000000008b8260_0;  1 drivers
S_0000000000959e10 .scope module, "tb" "OddParityChecker" 2 7, 3 1 0, S_0000000000959c80;
 .timescale 0 0;
    .port_info 0 /INPUT 9 "data_in";
    .port_info 1 /OUTPUT 1 "error_out";
v00000000008b7e00_0 .net "data_in", 8 0, v00000000008b7d60_0;  1 drivers
v00000000008b8260_0 .var "error_out", 0 0;
E_0000000000875000 .event edge, v00000000008b7e00_0;
S_000000000095d3a0 .scope task, "paritycheck" "paritycheck" 3 7, 3 7 0, S_0000000000959e10;
 .timescale 0 0;
v000000000095d530_0 .var "data", 8 0;
v00000000008b7fe0_0 .var "error", 0 0;
TD_tb_OddParityChecker.tb.paritycheck ;
    %load/vec4 v000000000095d530_0;
    %xor/r;
    %nor/r;
    %store/vec4 v00000000008b7fe0_0, 0, 1;
    %end;
    .scope S_0000000000959e10;
T_1 ;
    %wait E_0000000000875000;
    %load/vec4 v00000000008b7e00_0;
    %store/vec4 v000000000095d530_0, 0, 9;
    %fork TD_tb_OddParityChecker.tb.paritycheck, S_000000000095d3a0;
    %join;
    %load/vec4 v00000000008b7fe0_0;
    %store/vec4 v00000000008b8260_0, 0, 1;
    %jmp T_1;
    .thread T_1, $push;
    .scope S_0000000000959c80;
T_2 ;
    %vpi_call 2 11 "$dumpfile", "test_OddParityChecker_out.vcd" {0 0 0};
    %vpi_call 2 12 "$dumpvars", 32'sb11111111111111111111111111111111, S_0000000000959e10 {0 0 0};
    %vpi_call 2 13 "$monitor", "%b", v00000000008b7ea0_0 {0 0 0};
    %end;
    .thread T_2;
    .scope S_0000000000959c80;
T_3 ;
    %pushi/vec4 0, 0, 9;
    %store/vec4 v00000000008b7d60_0, 0, 9;
    %delay 1000, 0;
    %pushi/vec4 323, 0, 9;
    %store/vec4 v00000000008b7d60_0, 0, 9;
    %delay 1000, 0;
    %pushi/vec4 418, 0, 9;
    %store/vec4 v00000000008b7d60_0, 0, 9;
    %delay 1000, 0;
    %pushi/vec4 511, 0, 9;
    %store/vec4 v00000000008b7d60_0, 0, 9;
    %delay 1000, 0;
    %end;
    .thread T_3;
# The file index is used to find the file name in the following table.
:file_names 4;
    "N/A";
    "<interactive>";
    "tb_OddParityChecker.v";
    "OddParityChecker.v";
